build/app/outputs/mapping/release/seeds.txt
com.example.barcodebilling.MainActivity
com.example.barcodebilling.MainActivity: MainActivity()
...
com.google.android.gms.dynamite.descriptors.com.google.mlkit.dynamite.barcode.ModuleDescriptor: int MODULE_VERSION
com.google.android.libraries.barhopper.Barcode$CalendarDateTime: int year
com.google.android.libraries.barhopper.Barcode$Email: Barcode$Email()
com.google.android.gms.internal.clearcut.zzge$zzd: com.google.android.gms.internal.clearcut.zzdz zzbg
androidx.appcompat.widget.ActionBarOverlayLayout: void setWindowTitle(java.lang.CharSequence)
kotlin.coroutines.AbstractCoroutineContextElement: java.lang.Object fold(java.lang.Object,kotlin.jvm.functions.Function2)
androidx.appcompat.widget.AppCompatTextView
androidx.appcompat.widget.AppCompatImageButton: android.graphics.PorterDuff$Mode getSupportImageTintMode()
com.google.android.libraries.barhopper.Barcode$Address: java.lang.String[] addressLines
com.google.android.gms.auth.api.signin.GoogleSignInAccount: android.os.Parcelable$Creator CREATOR
androidx.window.layout.SidecarCompat$DistinctElementCallback: void onWindowLayoutChanged(android.app.Activity,androidx.window.layout.WindowLayoutInfo)
androidx.window.layout.SidecarCompat
androidx.window.layout.WindowLayoutInfo: WindowLayoutInfo(java.util.List)
androidx.appcompat.widget.AppCompatEditText: android.graphics.PorterDuff$Mode getSupportBackgroundTintMode()
androidx.viewpager.widget.ViewPager: void setScrollingCacheEnabled(boolean)
com.twitter.sdk.android.tweetcomposer.TweetUploadService
androidx.appcompat.widget.AbsActionBarView: void setVisibility(int)
androidx.appcompat.widget.AppCompatTextView: android.graphics.PorterDuff$Mode getSupportBackgroundTintMode()
androidx.recyclerview.widget.RecyclerView: void setViewCacheExtension(androidx.recyclerview.widget.RecyclerView$ViewCacheExtension)
com.google.android.libraries.barhopper.Barcode$PersonName: android.os.Parcelable$Creator CREATOR
androidx.window.layout.SidecarWindowBackend: java.util.concurrent.locks.ReentrantLock globalLock
kotlinx.coroutines.channels.AbstractSendChannel: java.lang.Object onCloseHandler
androidx.window.core.Version: java.lang.String VERSION_PATTERN_STRING
kotlinx.coroutines.DefaultExecutor: java.lang.Thread _thread
androidx.appcompat.widget.ContentFrameLayout: android.util.TypedValue getFixedHeightMinor()
io.flutter.plugins.urllauncher.WebViewActivity
kotlin.coroutines.AbstractCoroutineContextElement: kotlin.coroutines.CoroutineContext$Key getKey()
com.google.mlkit.vision.barcode.internal.BarcodeRegistrar: BarcodeRegistrar()
com.facebook.appevents.codeless.internal.EventBinding$MappingMethod: com.facebook.appevents.codeless.internal.EventBinding$MappingMethod valueOf(java.lang.String)
com.google.zxing.qrcode.decoder.ErrorCorrectionLevel: com.google.zxing.qrcode.decoder.ErrorCorrectionLevel[] values()
androidx.appcompat.widget.Toolbar: void setSubtitle(int)
com.google.android.gms.internal.clearcut.zzgw$zza$zzb: com.google.android.gms.internal.clearcut.zzgw$zza$zzb zzbiv
androidx.window.layout.SidecarAdapter$Companion: java.util.List getSidecarDisplayFeatures(androidx.window.sidecar.SidecarWindowLayoutInfo)
com.google.android.libraries.barhopper.Barcode$DriverLicense: Barcode$DriverLicense()
androidx.window.layout.WindowInfoTracker: androidx.window.layout.WindowInfoTracker$Companion Companion
androidx.window.layout.SidecarCompat$DistinctElementCallback: java.util.WeakHashMap activityWindowLayoutInfo
io.flutter.embedding.engine.FlutterJNI: void setPlatformMessageHandler(io.flutter.embedding.engine.dart.PlatformMessageHandler)
androidx.vectordrawable.graphics.drawable.VectorDrawableCompat$VGroup: void setPivotX(float)
androidx.window.layout.WindowMetricsCalculator
kotlinx.coroutines.BlockingEventLoop
androidx.vectordrawable.graphics.drawable.VectorDrawableCompat$VFullPath
androidx.appcompat.view.menu.ActionMenuItemView: androidx.appcompat.view.menu.MenuItemImpl getItemData()
androidx.window.layout.FoldingFeature$Orientation: androidx.window.layout.FoldingFeature$Orientation HORIZONTAL