build/app/outputs/mapping/release/mapping.txt
# compiler: R8
# compiler_version: 2.1.62
# min_api: 16
# pg_map_id: 259504c
# common_typos_disable
...
kotlin.coroutines.jvm.internal.ContinuationImpl -> j.t.j.a.d:
kotlin.coroutines.jvm.internal.CoroutineStackFrame -> j.t.j.a.e:
kotlin.coroutines.jvm.internal.DebugMetadata -> j.t.j.a.f:
kotlin.coroutines.jvm.internal.DebugMetadataKt -> j.t.j.a.g:
    void checkDebugMetadataVersion(int,int) -> a
    kotlin.coroutines.jvm.internal.DebugMetadata getDebugMetadataAnnotation(kotlin.coroutines.jvm.internal.BaseContinuationImpl) -> b
    int getLabel(kotlin.coroutines.jvm.internal.BaseContinuationImpl) -> c
    java.lang.StackTraceElement getStackTraceElement(kotlin.coroutines.jvm.internal.BaseContinuationImpl) -> d
kotlin.coroutines.jvm.internal.DebugProbesKt -> j.t.j.a.h:
    kotlin.coroutines.Continuation probeCoroutineCreated(kotlin.coroutines.Continuation) -> a
    void probeCoroutineResumed(kotlin.coroutines.Continuation) -> b
    void probeCoroutineSuspended(kotlin.coroutines.Continuation) -> c
kotlin.coroutines.jvm.internal.ModuleNameRetriever -> j.t.j.a.i:
    kotlin.coroutines.jvm.internal.ModuleNameRetriever$Cache notOnJava9 -> b
    kotlin.coroutines.jvm.internal.ModuleNameRetriever$Cache cache -> c
    kotlin.coroutines.jvm.internal.ModuleNameRetriever INSTANCE -> a
    kotlin.coroutines.jvm.internal.ModuleNameRetriever$Cache buildCache(kotlin.coroutines.jvm.internal.BaseContinuationImpl) -> a
    java.lang.String getModuleName(kotlin.coroutines.jvm.internal.BaseContinuationImpl) -> b
kotlin.coroutines.jvm.internal.ModuleNameRetriever$Cache -> j.t.j.a.i$a:
    java.lang.reflect.Method nameMethod -> c
    java.lang.reflect.Method getModuleMethod -> a
    java.lang.reflect.Method getDescriptorMethod -> b
kotlin.coroutines.jvm.internal.RestrictedContinuationImpl -> j.t.j.a.j:
kotlin.coroutines.jvm.internal.SuspendLambda -> j.t.j.a.k:
kotlin.internal.PlatformImplementations -> j.u.a:
    void addSuppressed(java.lang.Throwable,java.lang.Throwable) -> a
    kotlin.random.Random defaultPlatformRandom() -> b
kotlin.internal.PlatformImplementations$ReflectThrowable -> j.u.a$a:
    java.lang.reflect.Method addSuppressed -> a
kotlin.internal.PlatformImplementationsKt -> j.u.b:
    kotlin.internal.PlatformImplementations IMPLEMENTATIONS -> a
    int getJavaVersion() -> a
kotlin.internal.ProgressionUtilKt -> j.u.c:
    int differenceModulo(int,int,int) -> a
    int getProgressionLastElement(int,int,int) -> b
    int mod(int,int) -> c
kotlin.internal.jdk7.JDK7PlatformImplementations -> j.u.d.a:
    void addSuppressed(java.lang.Throwable,java.lang.Throwable) -> a
kotlin.internal.jdk8.JDK8PlatformImplementations -> j.u.e.a:
    kotlin.random.Random defaultPlatformRandom() -> b
kotlin.io.CloseableKt -> j.v.a:
    void closeFinally(java.io.Closeable,java.lang.Throwable) -> a
kotlin.jvm.JvmClassMappingKt -> j.w.a:
    java.lang.Class getJavaObjectType(kotlin.reflect.KClass) -> a
    kotlin.reflect.KClass getKotlinClass(java.lang.Class) -> b
kotlin.jvm.KotlinReflectionNotSupportedError -> j.w.b:
kotlin.jvm.functions.Function0 -> j.w.c.a:
kotlin.jvm.functions.Function1 -> j.w.c.l:
kotlin.jvm.functions.Function10 -> j.w.c.b:
kotlin.jvm.functions.Function11 -> j.w.c.c:
kotlin.jvm.functions.Function12 -> j.w.c.d:
kotlin.jvm.functions.Function13 -> j.w.c.e:
kotlin.jvm.functions.Function14 -> j.w.c.f:
kotlin.jvm.functions.Function15 -> j.w.c.g:
kotlin.jvm.functions.Function16 -> j.w.c.h:
kotlin.jvm.functions.Function17 -> j.w.c.i:
kotlin.jvm.functions.Function18 -> j.w.c.j:
kotlin.jvm.functions.Function19 -> j.w.c.k:
kotlin.jvm.functions.Function2 -> j.w.c.p:
kotlin.jvm.functions.Function20 -> j.w.c.m:
kotlin.jvm.functions.Function21 -> j.w.c.n:
kotlin.jvm.functions.Function22 -> j.w.c.o:
kotlin.jvm.functions.Function3 -> j.w.c.q:
    java.lang.Object invoke(java.lang.Object,java.lang.Object,java.lang.Object) -> h
kotlin.jvm.functions.Function4 -> j.w.c.r:
kotlin.jvm.functions.Function5 -> j.w.c.s:
kotlin.jvm.functions.Function6 -> j.w.c.t:
kotlin.jvm.functions.Function7 -> j.w.c.u:
kotlin.jvm.functions.Function8 -> j.w.c.v: