build/app/outputs/mapping/release/usage.txt
com.example.barcodebilling.R$layout
com.example.barcodebilling.R$anim
com.example.barcodebilling.R$integer
com.example.barcodebilling.R$xml
com.example.barcodebilling.R$mipmap
com.example.barcodebilling.R$id
com.example.barcodebilling.R
com.example.barcodebilling.R$plurals
com.example.barcodebilling.R$attr
com.example.barcodebilling.R$bool
com.example.barcodebilling.R$style
com.example.barcodebilling.BuildConfig
com.example.barcodebilling.R$dimen
com.example.barcodebilling.R$styleable
com.example.barcodebilling.R$string
com.example.barcodebilling.R$drawable
com.example.barcodebilling.R$color
...
com.google.android.gms.common.api.Status:
    public static final com.google.android.gms.common.api.Status RESULT_INTERRUPTED
    public static final com.google.android.gms.common.api.Status RESULT_INTERNAL_ERROR
    private static final com.google.android.gms.common.api.Status zza
    public static final com.google.android.gms.common.api.Status RESULT_DEAD_CLIENT
com.google.android.gms.internal.common.zzd:
    private static final java.lang.ClassLoader zza
com.google.android.gms.internal.mlkit_vision_common.zzca:
    private static final com.google.firebase.encoders.FieldDescriptor zzb
    private static final com.google.firebase.encoders.FieldDescriptor zzc
    private static final com.google.firebase.encoders.FieldDescriptor zzd
androidx.arch.core.executor.DefaultTaskExecutor:
    public void executeOnDiskIO(java.lang.Runnable)
    public void postToMainThread(java.lang.Runnable)
    private volatile android.os.Handler mMainHandler
com.google.android.gms.internal.mlkit_vision_common.zzbo:
    private static final com.google.firebase.encoders.FieldDescriptor zzb
    private static final com.google.firebase.encoders.FieldDescriptor zzc
    private static final com.google.firebase.encoders.FieldDescriptor zzd
com.google.android.gms.common.api.internal.BaseImplementation$ApiMethodImpl:
    private final com.google.android.gms.common.api.Api$AnyClientKey mClientKey
    private final com.google.android.gms.common.api.Api mApi
com.google.android.gms.internal.clearcut.zzcv:
    private com.google.android.gms.internal.clearcut.zzbb zzln
    private static final com.google.android.gms.internal.clearcut.zzbt zzez
com.twitter.sdk.android.tweetui.ShareTweetAction:
    final com.twitter.sdk.android.tweetui.TweetUi tweetUi
com.google.android.gms.internal.mlkit_vision_common.zzdu:
    private static final com.google.firebase.encoders.FieldDescriptor zzb
    private static final com.google.firebase.encoders.FieldDescriptor zzc
com.facebook.FacebookRequestError:
    private final java.lang.String errorRecoveryMessage
    private final org.json.JSONObject requestResult
    private final org.json.JSONObject requestResultBody
    private final java.net.HttpURLConnection connection
com.google.android.gms.internal.mlkit_vision_barcode.zzfp:
    private static final com.google.firebase.encoders.FieldDescriptor zzb
    private static final com.google.firebase.encoders.FieldDescriptor zzc
    private static final com.google.firebase.encoders.FieldDescriptor zzd
com.twitter.sdk.android.core.internal.scribe.DefaultScribeClient:
    public void <init>(android.content.Context,com.twitter.sdk.android.core.SessionManager,com.twitter.sdk.android.core.GuestSessionProvider,com.twitter.sdk.android.core.internal.IdManager,com.twitter.sdk.android.core.internal.scribe.ScribeConfig)
    void <init>(android.content.Context,com.twitter.sdk.android.core.TwitterAuthConfig,com.twitter.sdk.android.core.SessionManager,com.twitter.sdk.android.core.GuestSessionProvider,com.twitter.sdk.android.core.internal.IdManager,com.twitter.sdk.android.core.internal.scribe.ScribeConfig)
    private java.lang.String getLanguage()
    private static com.google.gson.Gson getGson()
    private static java.util.concurrent.ScheduledExecutorService getExecutor()
    public static com.twitter.sdk.android.core.internal.scribe.ScribeConfig getScribeConfig(java.lang.String,java.lang.String)
    private static boolean isEnabled()
    static java.lang.String getUserAgent(java.lang.String,java.lang.String)
    static java.lang.String getScribeUrl(java.lang.String,java.lang.String)
    public void scribe(com.twitter.sdk.android.core.internal.scribe.ScribeEvent)
    com.twitter.sdk.android.core.Session getActiveSession()
    long getScribeSessionId(com.twitter.sdk.android.core.Session)
    private final com.twitter.sdk.android.core.SessionManager sessionManager
    private final java.lang.String advertisingId
    private final android.content.Context context